Determining if the pthread_create exist failed with the following output:
Change Dir: /home/arpit/manas/ros_workspaces/robotic_arm_ws/build/robotic_arm_teleop/CMakeFiles/CMakeTmp

Run Build Command:"/usr/bin/make" "cmTC_379db/fast"
/usr/bin/make -f CMakeFiles/cmTC_379db.dir/build.make CMakeFiles/cmTC_379db.dir/build
make[1]: Entering directory '/home/arpit/manas/ros_workspaces/robotic_arm_ws/build/robotic_arm_teleop/CMakeFiles/CMakeTmp'
Building C object CMakeFiles/cmTC_379db.dir/CheckSymbolExists.c.o
/usr/bin/cc    -o CMakeFiles/cmTC_379db.dir/CheckSymbolExists.c.o   -c /home/arpit/manas/ros_workspaces/robotic_arm_ws/build/robotic_arm_teleop/CMakeFiles/CMakeTmp/CheckSymbolExists.c
Linking C executable cmTC_379db
/usr/bin/cmake -E cmake_link_script CMakeFiles/cmTC_379db.dir/link.txt --verbose=1
/usr/bin/cc      -rdynamic CMakeFiles/cmTC_379db.dir/CheckSymbolExists.c.o  -o cmTC_379db 
CMakeFiles/cmTC_379db.dir/CheckSymbolExists.c.o: In function `main':
CheckSymbolExists.c:(.text+0x1b): undefined reference to `pthread_create'
collect2: error: ld returned 1 exit status
CMakeFiles/cmTC_379db.dir/build.make:97: recipe for target 'cmTC_379db' failed
make[1]: *** [cmTC_379db] Error 1
make[1]: Leaving directory '/home/arpit/manas/ros_workspaces/robotic_arm_ws/build/robotic_arm_teleop/CMakeFiles/CMakeTmp'
Makefile:126: recipe for target 'cmTC_379db/fast' failed
make: *** [cmTC_379db/fast] Error 2

File /home/arpit/manas/ros_workspaces/robotic_arm_ws/build/robotic_arm_teleop/CMakeFiles/CMakeTmp/CheckSymbolExists.c:
/* */
#include <pthread.h>

int main(int argc, char** argv)
{
  (void)argv;
#ifndef pthread_create
  return ((int*)(&pthread_create))[argc];
#else
  (void)argc;
  return 0;
#endif
}

Determining if the function pthread_create exists in the pthreads failed with the following output:
Change Dir: /home/arpit/manas/ros_workspaces/robotic_arm_ws/build/robotic_arm_teleop/CMakeFiles/CMakeTmp

Run Build Command:"/usr/bin/make" "cmTC_093f4/fast"
/usr/bin/make -f CMakeFiles/cmTC_093f4.dir/build.make CMakeFiles/cmTC_093f4.dir/build
make[1]: Entering directory '/home/arpit/manas/ros_workspaces/robotic_arm_ws/build/robotic_arm_teleop/CMakeFiles/CMakeTmp'
Building C object CMakeFiles/cmTC_093f4.dir/CheckFunctionExists.c.o
/usr/bin/cc   -DCHECK_FUNCTION_EXISTS=pthread_create   -o CMakeFiles/cmTC_093f4.dir/CheckFunctionExists.c.o   -c /usr/share/cmake-3.10/Modules/CheckFunctionExists.c
Linking C executable cmTC_093f4
/usr/bin/cmake -E cmake_link_script CMakeFiles/cmTC_093f4.dir/link.txt --verbose=1
/usr/bin/cc  -DCHECK_FUNCTION_EXISTS=pthread_create    -rdynamic CMakeFiles/cmTC_093f4.dir/CheckFunctionExists.c.o  -o cmTC_093f4 -lpthreads 
/usr/bin/ld: cannot find -lpthreads
collect2: error: ld returned 1 exit status
CMakeFiles/cmTC_093f4.dir/build.make:97: recipe for target 'cmTC_093f4' failed
make[1]: *** [cmTC_093f4] Error 1
make[1]: Leaving directory '/home/arpit/manas/ros_workspaces/robotic_arm_ws/build/robotic_arm_teleop/CMakeFiles/CMakeTmp'
Makefile:126: recipe for target 'cmTC_093f4/fast' failed
make: *** [cmTC_093f4/fast] Error 2


