Performing C SOURCE FILE Test CMAKE_HAVE_LIBC_PTHREAD failed with the following output:
Change Dir: /home/arpit/arpit/ros_workspaces/robotic_arm_ws/build/catkin_tools_prebuild/CMakeFiles/CMakeTmp

Run Build Command(s):/usr/bin/make cmTC_310f4/fast && /usr/bin/make  -f CMakeFiles/cmTC_310f4.dir/build.make CMakeFiles/cmTC_310f4.dir/build
make[1]: Entering directory '/home/arpit/arpit/ros_workspaces/robotic_arm_ws/build/catkin_tools_prebuild/CMakeFiles/CMakeTmp'
Building C object CMakeFiles/cmTC_310f4.dir/src.c.o
/usr/bin/cc   -DCMAKE_HAVE_LIBC_PTHREAD   -o CMakeFiles/cmTC_310f4.dir/src.c.o   -c /home/arpit/arpit/ros_workspaces/robotic_arm_ws/build/catkin_tools_prebuild/CMakeFiles/CMakeTmp/src.c
Linking C executable cmTC_310f4
/usr/bin/cmake -E cmake_link_script CMakeFiles/cmTC_310f4.dir/link.txt --verbose=1
/usr/bin/cc  -DCMAKE_HAVE_LIBC_PTHREAD    -rdynamic CMakeFiles/cmTC_310f4.dir/src.c.o  -o cmTC_310f4 
CMakeFiles/cmTC_310f4.dir/src.c.o: In function `main':
src.c:(.text+0x3e): undefined reference to `pthread_create'
src.c:(.text+0x4a): undefined reference to `pthread_detach'
src.c:(.text+0x56): undefined reference to `pthread_cancel'
src.c:(.text+0x67): undefined reference to `pthread_join'
src.c:(.text+0x7b): undefined reference to `pthread_atfork'
collect2: error: ld returned 1 exit status
CMakeFiles/cmTC_310f4.dir/build.make:106: recipe for target 'cmTC_310f4' failed
make[1]: *** [cmTC_310f4] Error 1
make[1]: Leaving directory '/home/arpit/arpit/ros_workspaces/robotic_arm_ws/build/catkin_tools_prebuild/CMakeFiles/CMakeTmp'
Makefile:141: recipe for target 'cmTC_310f4/fast' failed
make: *** [cmTC_310f4/fast] Error 2


Source file was:
#include <pthread.h>

void* test_func(void* data)
{
  return data;
}

int main(void)
{
  pthread_t thread;
  pthread_create(&thread, NULL, test_func, NULL);
  pthread_detach(thread);
  pthread_cancel(thread);
  pthread_join(thread, NULL);
  pthread_atfork(NULL, NULL, NULL);
  pthread_exit(NULL);

  return 0;
}

Determining if the function pthread_create exists in the pthreads failed with the following output:
Change Dir: /home/arpit/arpit/ros_workspaces/robotic_arm_ws/build/catkin_tools_prebuild/CMakeFiles/CMakeTmp

Run Build Command(s):/usr/bin/make cmTC_6c149/fast && /usr/bin/make  -f CMakeFiles/cmTC_6c149.dir/build.make CMakeFiles/cmTC_6c149.dir/build
make[1]: Entering directory '/home/arpit/arpit/ros_workspaces/robotic_arm_ws/build/catkin_tools_prebuild/CMakeFiles/CMakeTmp'
Building C object CMakeFiles/cmTC_6c149.dir/CheckFunctionExists.c.o
/usr/bin/cc   -DCHECK_FUNCTION_EXISTS=pthread_create   -o CMakeFiles/cmTC_6c149.dir/CheckFunctionExists.c.o   -c /usr/share/cmake-3.17/Modules/CheckFunctionExists.c
Linking C executable cmTC_6c149
/usr/bin/cmake -E cmake_link_script CMakeFiles/cmTC_6c149.dir/link.txt --verbose=1
/usr/bin/cc  -DCHECK_FUNCTION_EXISTS=pthread_create    -rdynamic CMakeFiles/cmTC_6c149.dir/CheckFunctionExists.c.o  -o cmTC_6c149  -lpthreads 
/usr/bin/ld: cannot find -lpthreads
collect2: error: ld returned 1 exit status
CMakeFiles/cmTC_6c149.dir/build.make:106: recipe for target 'cmTC_6c149' failed
make[1]: *** [cmTC_6c149] Error 1
make[1]: Leaving directory '/home/arpit/arpit/ros_workspaces/robotic_arm_ws/build/catkin_tools_prebuild/CMakeFiles/CMakeTmp'
Makefile:141: recipe for target 'cmTC_6c149/fast' failed
make: *** [cmTC_6c149/fast] Error 2



