Determining if the pthread_create exist failed with the following output:
Change Dir: /home/arpit/manas/ros_workspaces/robotic_arm_ws/build/robotic_arm_control/CMakeFiles/CMakeTmp

Run Build Command:"/usr/bin/make" "cmTC_83024/fast"
/usr/bin/make -f CMakeFiles/cmTC_83024.dir/build.make CMakeFiles/cmTC_83024.dir/build
make[1]: Entering directory '/home/arpit/manas/ros_workspaces/robotic_arm_ws/build/robotic_arm_control/CMakeFiles/CMakeTmp'
Building C object CMakeFiles/cmTC_83024.dir/CheckSymbolExists.c.o
/usr/bin/cc    -o CMakeFiles/cmTC_83024.dir/CheckSymbolExists.c.o   -c /home/arpit/manas/ros_workspaces/robotic_arm_ws/build/robotic_arm_control/CMakeFiles/CMakeTmp/CheckSymbolExists.c
Linking C executable cmTC_83024
/usr/bin/cmake -E cmake_link_script CMakeFiles/cmTC_83024.dir/link.txt --verbose=1
/usr/bin/cc      -rdynamic CMakeFiles/cmTC_83024.dir/CheckSymbolExists.c.o  -o cmTC_83024 
CMakeFiles/cmTC_83024.dir/CheckSymbolExists.c.o: In function `main':
CheckSymbolExists.c:(.text+0x1b): undefined reference to `pthread_create'
collect2: error: ld returned 1 exit status
CMakeFiles/cmTC_83024.dir/build.make:97: recipe for target 'cmTC_83024' failed
make[1]: *** [cmTC_83024] Error 1
make[1]: Leaving directory '/home/arpit/manas/ros_workspaces/robotic_arm_ws/build/robotic_arm_control/CMakeFiles/CMakeTmp'
Makefile:126: recipe for target 'cmTC_83024/fast' failed
make: *** [cmTC_83024/fast] Error 2

File /home/arpit/manas/ros_workspaces/robotic_arm_ws/build/robotic_arm_control/CMakeFiles/CMakeTmp/CheckSymbolExists.c:
/* */
#include <pthread.h>

int main(int argc, char** argv)
{
  (void)argv;
#ifndef pthread_create
  return ((int*)(&pthread_create))[argc];
#else
  (void)argc;
  return 0;
#endif
}

Determining if the function pthread_create exists in the pthreads failed with the following output:
Change Dir: /home/arpit/manas/ros_workspaces/robotic_arm_ws/build/robotic_arm_control/CMakeFiles/CMakeTmp

Run Build Command:"/usr/bin/make" "cmTC_9e99e/fast"
/usr/bin/make -f CMakeFiles/cmTC_9e99e.dir/build.make CMakeFiles/cmTC_9e99e.dir/build
make[1]: Entering directory '/home/arpit/manas/ros_workspaces/robotic_arm_ws/build/robotic_arm_control/CMakeFiles/CMakeTmp'
Building C object CMakeFiles/cmTC_9e99e.dir/CheckFunctionExists.c.o
/usr/bin/cc   -DCHECK_FUNCTION_EXISTS=pthread_create   -o CMakeFiles/cmTC_9e99e.dir/CheckFunctionExists.c.o   -c /usr/share/cmake-3.10/Modules/CheckFunctionExists.c
Linking C executable cmTC_9e99e
/usr/bin/cmake -E cmake_link_script CMakeFiles/cmTC_9e99e.dir/link.txt --verbose=1
/usr/bin/cc  -DCHECK_FUNCTION_EXISTS=pthread_create    -rdynamic CMakeFiles/cmTC_9e99e.dir/CheckFunctionExists.c.o  -o cmTC_9e99e -lpthreads 
/usr/bin/ld: cannot find -lpthreads
collect2: error: ld returned 1 exit status
CMakeFiles/cmTC_9e99e.dir/build.make:97: recipe for target 'cmTC_9e99e' failed
make[1]: *** [cmTC_9e99e] Error 1
make[1]: Leaving directory '/home/arpit/manas/ros_workspaces/robotic_arm_ws/build/robotic_arm_control/CMakeFiles/CMakeTmp'
Makefile:126: recipe for target 'cmTC_9e99e/fast' failed
make: *** [cmTC_9e99e/fast] Error 2


