Determining if the pthread_create exist failed with the following output:
Change Dir: /home/arpit/manas/ros_workspaces/robotic_arm_ws/build/robotic_arm_moveit_config/CMakeFiles/CMakeTmp

Run Build Command:"/usr/bin/make" "cmTC_76520/fast"
/usr/bin/make -f CMakeFiles/cmTC_76520.dir/build.make CMakeFiles/cmTC_76520.dir/build
make[1]: Entering directory '/home/arpit/manas/ros_workspaces/robotic_arm_ws/build/robotic_arm_moveit_config/CMakeFiles/CMakeTmp'
Building C object CMakeFiles/cmTC_76520.dir/CheckSymbolExists.c.o
/usr/bin/cc    -o CMakeFiles/cmTC_76520.dir/CheckSymbolExists.c.o   -c /home/arpit/manas/ros_workspaces/robotic_arm_ws/build/robotic_arm_moveit_config/CMakeFiles/CMakeTmp/CheckSymbolExists.c
Linking C executable cmTC_76520
/usr/bin/cmake -E cmake_link_script CMakeFiles/cmTC_76520.dir/link.txt --verbose=1
/usr/bin/cc      -rdynamic CMakeFiles/cmTC_76520.dir/CheckSymbolExists.c.o  -o cmTC_76520 
CMakeFiles/cmTC_76520.dir/CheckSymbolExists.c.o: In function `main':
CheckSymbolExists.c:(.text+0x1b): undefined reference to `pthread_create'
collect2: error: ld returned 1 exit status
CMakeFiles/cmTC_76520.dir/build.make:97: recipe for target 'cmTC_76520' failed
make[1]: *** [cmTC_76520] Error 1
make[1]: Leaving directory '/home/arpit/manas/ros_workspaces/robotic_arm_ws/build/robotic_arm_moveit_config/CMakeFiles/CMakeTmp'
Makefile:126: recipe for target 'cmTC_76520/fast' failed
make: *** [cmTC_76520/fast] Error 2

File /home/arpit/manas/ros_workspaces/robotic_arm_ws/build/robotic_arm_moveit_config/CMakeFiles/CMakeTmp/CheckSymbolExists.c:
/* */
#include <pthread.h>

int main(int argc, char** argv)
{
  (void)argv;
#ifndef pthread_create
  return ((int*)(&pthread_create))[argc];
#else
  (void)argc;
  return 0;
#endif
}

Determining if the function pthread_create exists in the pthreads failed with the following output:
Change Dir: /home/arpit/manas/ros_workspaces/robotic_arm_ws/build/robotic_arm_moveit_config/CMakeFiles/CMakeTmp

Run Build Command:"/usr/bin/make" "cmTC_24cac/fast"
/usr/bin/make -f CMakeFiles/cmTC_24cac.dir/build.make CMakeFiles/cmTC_24cac.dir/build
make[1]: Entering directory '/home/arpit/manas/ros_workspaces/robotic_arm_ws/build/robotic_arm_moveit_config/CMakeFiles/CMakeTmp'
Building C object CMakeFiles/cmTC_24cac.dir/CheckFunctionExists.c.o
/usr/bin/cc   -DCHECK_FUNCTION_EXISTS=pthread_create   -o CMakeFiles/cmTC_24cac.dir/CheckFunctionExists.c.o   -c /usr/share/cmake-3.10/Modules/CheckFunctionExists.c
Linking C executable cmTC_24cac
/usr/bin/cmake -E cmake_link_script CMakeFiles/cmTC_24cac.dir/link.txt --verbose=1
/usr/bin/cc  -DCHECK_FUNCTION_EXISTS=pthread_create    -rdynamic CMakeFiles/cmTC_24cac.dir/CheckFunctionExists.c.o  -o cmTC_24cac -lpthreads 
/usr/bin/ld: cannot find -lpthreads
collect2: error: ld returned 1 exit status
CMakeFiles/cmTC_24cac.dir/build.make:97: recipe for target 'cmTC_24cac' failed
make[1]: *** [cmTC_24cac] Error 1
make[1]: Leaving directory '/home/arpit/manas/ros_workspaces/robotic_arm_ws/build/robotic_arm_moveit_config/CMakeFiles/CMakeTmp'
Makefile:126: recipe for target 'cmTC_24cac/fast' failed
make: *** [cmTC_24cac/fast] Error 2


