[35m[1mScanning dependencies of target robotic_teleop_arm_gripper_keyboard[0m
[ 50%] [32mBuilding CXX object CMakeFiles/robotic_teleop_arm_gripper_keyboard.dir/src/robotic_teleop_arm_gripper_keyboard.cpp.o[0m
In file included from [01m[K/home/arpit/manas/ros_workspaces/robotic_arm_ws/src/robotic_arm_teleop/src/robotic_teleop_arm_gripper_keyboard.cpp:37:0[m[K:
[01m[K/home/arpit/manas/ros_workspaces/robotic_arm_ws/src/robotic_arm_teleop/include/robotic_arm_teleop/robotic_teleop_arm_gripper_keyboard.h:90:10:[m[K [01;31m[Kerror: [m[K‘[01m[KNodehandle[m[K’ in namespace ‘[01m[Kros[m[K’ does not name a type
     ros::[01;31m[KNodehandle[m[K                         robotic_arm_nh_;
          [01;31m[K^~~~~~~~~~[m[K
[01m[K/home/arpit/manas/ros_workspaces/robotic_arm_ws/src/robotic_arm_teleop/src/robotic_teleop_arm_gripper_keyboard.cpp:[m[K In constructor ‘[01m[KTeleopArmGripperKeyboard::TeleopArmGripperKeyboard()[m[K’:
[01m[K/home/arpit/manas/ros_workspaces/robotic_arm_ws/src/robotic_arm_teleop/src/robotic_teleop_arm_gripper_keyboard.cpp:90:10:[m[K [01;31m[Kerror: [m[K‘[01m[KNodegripperle[m[K’ is not a member of ‘[01m[Kros[m[K’
     ros::[01;31m[KNodegripperle[m[K n_private("~");
          [01;31m[K^~~~~~~~~~~~~[m[K
[01m[K/home/arpit/manas/ros_workspaces/robotic_arm_ws/src/robotic_arm_teleop/src/robotic_teleop_arm_gripper_keyboard.cpp:91:5:[m[K [01;31m[Kerror: [m[K‘[01m[Kn_private[m[K’ was not declared in this scope
     [01;31m[Kn_private[m[K.param("arm_position_step", arm_position_step_, 0.0174);
     [01;31m[K^~~~~~~~~[m[K
[01m[K/home/arpit/manas/ros_workspaces/robotic_arm_ws/src/robotic_arm_teleop/src/robotic_teleop_arm_gripper_keyboard.cpp:[m[K In destructor ‘[01m[KTeleopArmGripperKeyboard::~TeleopArmGripperKeyboard()[m[K’:
[01m[K/home/arpit/manas/ros_workspaces/robotic_arm_ws/src/robotic_arm_teleop/src/robotic_teleop_arm_gripper_keyboard.cpp:120:5:[m[K [01;31m[Kerror: [m[K‘[01m[Krobotic_arm_nh_[m[K’ was not declared in this scope
     [01;31m[Krobotic_arm_nh_[m[K.shutdown();
     [01;31m[K^~~~~~~~~~~~~~~[m[K
[01m[K/home/arpit/manas/ros_workspaces/robotic_arm_ws/src/robotic_arm_teleop/src/robotic_teleop_arm_gripper_keyboard.cpp:[m[K In function ‘[01m[Kint main(int, char**)[m[K’:
[01m[K/home/arpit/manas/ros_workspaces/robotic_arm_ws/src/robotic_arm_teleop/src/robotic_teleop_arm_gripper_keyboard.cpp:352:34:[m[K [01;31m[Kerror: [m[K‘[01m[KNoSigintgripperler[m[K’ is not a member of ‘[01m[Kros::init_options[m[K’
               ros::init_options::[01;31m[KNoSigintgripperler[m[K);
                                  [01;31m[K^~~~~~~~~~~~~~~~~~[m[K
[01m[K/home/arpit/manas/ros_workspaces/robotic_arm_ws/src/robotic_arm_teleop/src/robotic_teleop_arm_gripper_keyboard.cpp:352:34:[m[K [01;36m[Knote: [m[Ksuggested alternative: ‘[01m[KNoSigintHandler[m[K’
               ros::init_options::[01;36m[KNoSigintgripperler[m[K);
                                  [01;36m[K^~~~~~~~~~~~~~~~~~[m[K
                                  [32m[KNoSigintHandler[m[K
CMakeFiles/robotic_teleop_arm_gripper_keyboard.dir/build.make:62: recipe for target 'CMakeFiles/robotic_teleop_arm_gripper_keyboard.dir/src/robotic_teleop_arm_gripper_keyboard.cpp.o' failed
make[2]: *** [CMakeFiles/robotic_teleop_arm_gripper_keyboard.dir/src/robotic_teleop_arm_gripper_keyboard.cpp.o] Error 1
CMakeFiles/Makefile2:67: recipe for target 'CMakeFiles/robotic_teleop_arm_gripper_keyboard.dir/all' failed
make[1]: *** [CMakeFiles/robotic_teleop_arm_gripper_keyboard.dir/all] Error 2
Makefile:140: recipe for target 'all' failed
make: *** [all] Error 2
