Determining if the pthread_create exist failed with the following output:
Change Dir: /home/arpit/manas/ros_workspaces/robotic_arm_ws/build/robotic_arm_description/CMakeFiles/CMakeTmp

Run Build Command:"/usr/bin/make" "cmTC_7ecfd/fast"
/usr/bin/make -f CMakeFiles/cmTC_7ecfd.dir/build.make CMakeFiles/cmTC_7ecfd.dir/build
make[1]: Entering directory '/home/arpit/manas/ros_workspaces/robotic_arm_ws/build/robotic_arm_description/CMakeFiles/CMakeTmp'
Building C object CMakeFiles/cmTC_7ecfd.dir/CheckSymbolExists.c.o
/usr/bin/cc    -o CMakeFiles/cmTC_7ecfd.dir/CheckSymbolExists.c.o   -c /home/arpit/manas/ros_workspaces/robotic_arm_ws/build/robotic_arm_description/CMakeFiles/CMakeTmp/CheckSymbolExists.c
Linking C executable cmTC_7ecfd
/usr/bin/cmake -E cmake_link_script CMakeFiles/cmTC_7ecfd.dir/link.txt --verbose=1
/usr/bin/cc      -rdynamic CMakeFiles/cmTC_7ecfd.dir/CheckSymbolExists.c.o  -o cmTC_7ecfd 
CMakeFiles/cmTC_7ecfd.dir/CheckSymbolExists.c.o: In function `main':
CheckSymbolExists.c:(.text+0x1b): undefined reference to `pthread_create'
collect2: error: ld returned 1 exit status
CMakeFiles/cmTC_7ecfd.dir/build.make:97: recipe for target 'cmTC_7ecfd' failed
make[1]: *** [cmTC_7ecfd] Error 1
make[1]: Leaving directory '/home/arpit/manas/ros_workspaces/robotic_arm_ws/build/robotic_arm_description/CMakeFiles/CMakeTmp'
Makefile:126: recipe for target 'cmTC_7ecfd/fast' failed
make: *** [cmTC_7ecfd/fast] Error 2

File /home/arpit/manas/ros_workspaces/robotic_arm_ws/build/robotic_arm_description/CMakeFiles/CMakeTmp/CheckSymbolExists.c:
/* */
#include <pthread.h>

int main(int argc, char** argv)
{
  (void)argv;
#ifndef pthread_create
  return ((int*)(&pthread_create))[argc];
#else
  (void)argc;
  return 0;
#endif
}

Determining if the function pthread_create exists in the pthreads failed with the following output:
Change Dir: /home/arpit/manas/ros_workspaces/robotic_arm_ws/build/robotic_arm_description/CMakeFiles/CMakeTmp

Run Build Command:"/usr/bin/make" "cmTC_ed25f/fast"
/usr/bin/make -f CMakeFiles/cmTC_ed25f.dir/build.make CMakeFiles/cmTC_ed25f.dir/build
make[1]: Entering directory '/home/arpit/manas/ros_workspaces/robotic_arm_ws/build/robotic_arm_description/CMakeFiles/CMakeTmp'
Building C object CMakeFiles/cmTC_ed25f.dir/CheckFunctionExists.c.o
/usr/bin/cc   -DCHECK_FUNCTION_EXISTS=pthread_create   -o CMakeFiles/cmTC_ed25f.dir/CheckFunctionExists.c.o   -c /usr/share/cmake-3.10/Modules/CheckFunctionExists.c
Linking C executable cmTC_ed25f
/usr/bin/cmake -E cmake_link_script CMakeFiles/cmTC_ed25f.dir/link.txt --verbose=1
/usr/bin/cc  -DCHECK_FUNCTION_EXISTS=pthread_create    -rdynamic CMakeFiles/cmTC_ed25f.dir/CheckFunctionExists.c.o  -o cmTC_ed25f -lpthreads 
/usr/bin/ld: cannot find -lpthreads
collect2: error: ld returned 1 exit status
CMakeFiles/cmTC_ed25f.dir/build.make:97: recipe for target 'cmTC_ed25f' failed
make[1]: *** [cmTC_ed25f] Error 1
make[1]: Leaving directory '/home/arpit/manas/ros_workspaces/robotic_arm_ws/build/robotic_arm_description/CMakeFiles/CMakeTmp'
Makefile:126: recipe for target 'cmTC_ed25f/fast' failed
make: *** [cmTC_ed25f/fast] Error 2


